<?xml version="1.0" encoding="UTF-8" standalone="no"?>
<!DOCTYPE log SYSTEM "logger.dtd">
<log>
<record>
  <date>2017-12-06T16:28:30.498-0300</date>
  <logger>ANDRE MARCAL DE AZEVEDO</logger>
  <level>FINE</level>
  <message>File 116111248-ANDRE MARCAL DE AZEVEDO.zip was received. It was sent by ANDRE MARCAL DE AZEVEDO from IP 150.165.42.151</message>
</record>
</log>
<?xml version="1.0" encoding="UTF-8" standalone="no"?>
<!DOCTYPE log SYSTEM "logger.dtd">
<log>
<record>
  <date>2017-12-06T17:25:50.577-0300</date>
  <logger>ANDRE MARCAL DE AZEVEDO</logger>
  <level>FINE</level>
  <message>File 116111248-ANDRE MARCAL DE AZEVEDO.zip was received. It was sent by ANDRE MARCAL DE AZEVEDO from IP 150.165.42.151</message>
</record>
</log>
<?xml version="1.0" encoding="UTF-8" standalone="no"?>
<!DOCTYPE log SYSTEM "logger.dtd">
<log>
<record>
  <date>2017-12-06T17:27:31.456-0300</date>
  <logger>ANDRE MARCAL DE AZEVEDO</logger>
  <level>FINE</level>
  <message>File 116111248-ANDRE MARCAL DE AZEVEDO.zip was received. It was sent by ANDRE MARCAL DE AZEVEDO from IP 150.165.42.151</message>
</record>
